<?xml version="1.0" encoding="UTF-8"?>
<testsuite name="ServerTest" tests="1" skipped="0" failures="0" errors="0" timestamp="2022-01-06T13:48:11" hostname="Ephies-MacBook-Pro-2.local" time="0.02">
  <properties/>
  <testcase name="testingMessageIsEchoedBack()" classname="ServerTest" time="0.02"/>
  <system-out><![CDATA[echo.Server received : testing if it bounces back...
]]></system-out>
  <system-err><![CDATA[]]></system-err>
</testsuite>
