<?xml version="1.0" encoding="UTF-8"?>
<testsuite name="ServerTest" tests="1" skipped="0" failures="0" errors="0" timestamp="2021-12-24T17:31:47" hostname="Ephies-MacBook-Pro-2.local" time="0.896">
  <properties/>
  <testcase name="testingSocketCloses()" classname="ServerTest" time="0.896"/>
  <system-out><![CDATA[]]></system-out>
  <system-err><![CDATA[]]></system-err>
</testsuite>
